<?xml version="1.0" encoding="UTF-8"?>
<!-- Generated by org.testng.reporters.JUnitReportReporter -->
<testsuite hostname="DESKTOP-OG1O4LU" failures="0" tests="1" name="com.testcases.DarticanAutomation.LoginTestCases.Empty_Username" time="10.490" errors="0" timestamp="2022-11-18T16:38:12 PKT" skipped="0">
  <testcase classname="com.testcases.DarticanAutomation.LoginTestCases.Empty_Username" name="login" time="10.490"/>
  <system-out/>
</testsuite> <!-- com.testcases.DarticanAutomation.LoginTestCases.Empty_Username -->
