<?xml version="1.0" encoding="UTF-8"?>
<!-- Generated by org.testng.reporters.JUnitReportReporter -->
<testsuite hostname="DESKTOP-OG1O4LU" failures="0" tests="3" name="com.testcases.DarticanAutomation.Template_Page" time="451.887" errors="0" timestamp="2022-09-23T17:44:39 PKT" skipped="0">
  <testcase classname="com.testcases.DarticanAutomation.Template_Page" name="login" time="38.250"/>
  <system-out/>
  <testcase classname="com.testcases.DarticanAutomation.Template_Page" name="mouseover" time="20.064"/>
  <system-out/>
  <testcase classname="com.testcases.DarticanAutomation.Template_Page" name="AddCycle" time="393.573"/>
  <system-out/>
</testsuite> <!-- com.testcases.DarticanAutomation.Template_Page -->
