<?xml version="1.0" encoding="UTF-8"?>
<!-- Generated by org.testng.reporters.JUnitReportReporter -->
<testsuite hostname="DESKTOP-OG1O4LU" failures="0" tests="1" name="com.testcases.DarticanAutomation.Configuration" time="8.186" errors="0" timestamp="2023-03-03T17:26:20 PKT" skipped="0">
  <testcase classname="com.testcases.DarticanAutomation.Configuration" name="Browser" time="8.186"/>
  <system-out/>
</testsuite> <!-- com.testcases.DarticanAutomation.Configuration -->
