<?xml version="1.0" encoding="UTF-8"?>
<!-- Generated by org.testng.reporters.JUnitReportReporter -->
<testsuite hostname="DESKTOP-OG1O4LU" failures="0" tests="7" name="com.testcases.DarticanAutomation.Bonus_Plannning" time="479.198" errors="0" timestamp="2022-12-28T13:00:48 PKT" skipped="0">
  <testcase classname="com.testcases.DarticanAutomation.Bonus_Plannning" name="login" time="113.301"/>
  <system-out/>
  <testcase classname="com.testcases.DarticanAutomation.Bonus_Plannning" name="mouseover" time="160.937"/>
  <system-out/>
  <testcase classname="com.testcases.DarticanAutomation.Bonus_Plannning" name="AddCycle" time="6.768"/>
  <system-out/>
  <testcase classname="com.testcases.DarticanAutomation.Bonus_Plannning" name="Incentives" time="183.970"/>
  <system-out/>
  <testcase classname="com.testcases.DarticanAutomation.Bonus_Plannning" name="Templates" time="10.010"/>
  <system-out/>
  <testcase classname="com.testcases.DarticanAutomation.Bonus_Plannning" name="Importbonustemplate" time="2.763"/>
  <system-out/>
  <testcase classname="com.testcases.DarticanAutomation.Bonus_Plannning" name="displaybonustemplate" time="1.449"/>
  <system-out/>
</testsuite> <!-- com.testcases.DarticanAutomation.Bonus_Plannning -->
