<?xml version="1.0" encoding="UTF-8"?>
<!-- Generated by org.testng.reporters.JUnitReportReporter -->
<testsuite hostname="DESKTOP-OG1O4LU" failures="0" tests="1" name="com.testcases.DarticanAutomation.LoginTestCases.Wrong_Password" time="11.108" errors="0" timestamp="2022-11-18T17:19:42 PKT" skipped="0">
  <testcase classname="com.testcases.DarticanAutomation.LoginTestCases.Wrong_Password" name="login" time="11.108"/>
  <system-out/>
</testsuite> <!-- com.testcases.DarticanAutomation.LoginTestCases.Wrong_Password -->
