<?xml version="1.0" encoding="UTF-8"?>
<!-- Generated by org.testng.reporters.JUnitReportReporter -->
<testsuite hostname="DESKTOP-OG1O4LU" failures="0" tests="1" name="com.testcases.DarticanAutomation.LoginTestCases.Empty_Fields" time="10.579" errors="0" timestamp="2022-11-18T16:25:36 PKT" skipped="0">
  <testcase classname="com.testcases.DarticanAutomation.LoginTestCases.Empty_Fields" name="login" time="10.579"/>
  <system-out/>
</testsuite> <!-- com.testcases.DarticanAutomation.LoginTestCases.Empty_Fields -->
