<?xml version="1.0" encoding="UTF-8"?>
<!-- Generated by org.testng.reporters.JUnitReportReporter -->
<testsuite hostname="DESKTOP-OG1O4LU" failures="0" tests="4" name="com.testcases.DarticanAutomation.Login_Page" time="180.311" errors="0" timestamp="2023-02-20T17:55:30 PKT" skipped="0">
  <testcase classname="com.testcases.DarticanAutomation.Login_Page" name="login" time="28.356"/>
  <system-out/>
  <testcase classname="com.testcases.DarticanAutomation.Login_Page" name="mouseover" time="13.688"/>
  <system-out/>
  <testcase classname="com.testcases.DarticanAutomation.Login_Page" name="AddCycle" time="25.755"/>
  <system-out/>
  <testcase classname="com.testcases.DarticanAutomation.Login_Page" name="Templates" time="112.512"/>
  <system-out/>
</testsuite> <!-- com.testcases.DarticanAutomation.Login_Page -->
