<?xml version="1.0" encoding="UTF-8"?>
<!-- Generated by org.testng.reporters.JUnitReportReporter -->
<testsuite hostname="DESKTOP-OG1O4LU" failures="0" tests="15" name="com.testcases.DarticanAutomation.Ratings" time="1557.794" errors="0" timestamp="2022-12-23T17:06:44 PKT" skipped="0">
  <testcase classname="com.testcases.DarticanAutomation.Ratings" name="login" time="72.612"/>
  <system-out/>
  <testcase classname="com.testcases.DarticanAutomation.Ratings" name="mouseover" time="26.575"/>
  <system-out/>
  <testcase classname="com.testcases.DarticanAutomation.Ratings" name="RatingValidation" time="3.555"/>
  <system-out/>
  <testcase classname="com.testcases.DarticanAutomation.Ratings" name="AddRatings" time="5.248"/>
  <system-out/>
  <testcase classname="com.testcases.DarticanAutomation.Ratings" name="EditRatings" time="3.758"/>
  <system-out/>
  <testcase classname="com.testcases.DarticanAutomation.Ratings" name="CopyRatings" time="121.510"/>
  <system-out/>
  <testcase classname="com.testcases.DarticanAutomation.Ratings" name="RatingGroupValidation" time="40.526"/>
  <system-out/>
  <testcase classname="com.testcases.DarticanAutomation.Ratings" name="AddRatingGroup" time="161.185"/>
  <system-out/>
  <testcase classname="com.testcases.DarticanAutomation.Ratings" name="EditRatingGroup" time="241.123"/>
  <system-out/>
  <testcase classname="com.testcases.DarticanAutomation.Ratings" name="RatingitemsValidation" time="40.089"/>
  <system-out/>
  <testcase classname="com.testcases.DarticanAutomation.Ratings" name="AddRatingItems" time="200.358"/>
  <system-out/>
  <testcase classname="com.testcases.DarticanAutomation.Ratings" name="EditRatingItems" time="280.269"/>
  <system-out/>
  <testcase classname="com.testcases.DarticanAutomation.Ratings" name="DelRatingItems" time="120.573"/>
  <system-out/>
  <testcase classname="com.testcases.DarticanAutomation.Ratings" name="DelRatingGroup" time="120.219"/>
  <system-out/>
  <testcase classname="com.testcases.DarticanAutomation.Ratings" name="DelRating" time="120.194"/>
  <system-out/>
</testsuite> <!-- com.testcases.DarticanAutomation.Ratings -->
