<?xml version="1.0" encoding="UTF-8"?>
<!-- Generated by org.testng.reporters.JUnitReportReporter -->
<testsuite hostname="DESKTOP-OG1O4LU" failures="0" tests="2" name="com.testcases.DarticanAutomation.LoginTestCases.Forget_Password" time="11.779" errors="0" timestamp="2022-11-18T17:28:22 PKT" skipped="0">
  <testcase classname="com.testcases.DarticanAutomation.LoginTestCases.Forget_Password" name="login" time="11.119"/>
  <system-out/>
  <testcase classname="com.testcases.DarticanAutomation.LoginTestCases.Forget_Password" name="ForgetPassword" time="0.660"/>
  <system-out/>
</testsuite> <!-- com.testcases.DarticanAutomation.LoginTestCases.Forget_Password -->
