<?xml version="1.0" encoding="UTF-8"?>
<!-- Generated by org.testng.reporters.JUnitReportReporter -->
<testsuite hostname="DESKTOP-OG1O4LU" failures="0" tests="7" name="com.testcases.DarticanAutomation.Choice_List" time="121.947" errors="0" timestamp="2023-03-01T15:15:22 PKT" skipped="0">
  <testcase classname="com.testcases.DarticanAutomation.Choice_List" name="login" time="25.527"/>
  <system-out/>
  <testcase classname="com.testcases.DarticanAutomation.Choice_List" name="mouseover" time="3.741"/>
  <system-out/>
  <testcase classname="com.testcases.DarticanAutomation.Choice_List" name="ChoiceListValidation" time="6.693"/>
  <system-out/>
  <testcase classname="com.testcases.DarticanAutomation.Choice_List" name="AddChoiceList" time="16.474"/>
  <system-out/>
  <testcase classname="com.testcases.DarticanAutomation.Choice_List" name="EditChoiceList" time="8.936"/>
  <system-out/>
  <testcase classname="com.testcases.DarticanAutomation.Choice_List" name="CopyChoiceList" time="24.349"/>
  <system-out/>
  <testcase classname="com.testcases.DarticanAutomation.Choice_List" name="DeleteChoicelist" time="36.227"/>
  <system-out/>
</testsuite> <!-- com.testcases.DarticanAutomation.Choice_List -->
