<?xml version="1.0" encoding="UTF-8"?>
<!-- Generated by org.testng.reporters.JUnitReportReporter -->
<testsuite hostname="DESKTOP-OG1O4LU" failures="0" tests="3" name="com.testcases.DarticanAutomation.Lti_user_fields" time="431.048" errors="0" timestamp="2022-11-15T10:46:51 PKT" skipped="0">
  <testcase classname="com.testcases.DarticanAutomation.Lti_user_fields" name="login" time="115.391"/>
  <system-out/>
  <testcase classname="com.testcases.DarticanAutomation.Lti_user_fields" name="mouseover" time="12.992"/>
  <system-out/>
  <testcase classname="com.testcases.DarticanAutomation.Lti_user_fields" name="Templates" time="302.665"/>
  <system-out/>
</testsuite> <!-- com.testcases.DarticanAutomation.Lti_user_fields -->
