<?xml version="1.0" encoding="UTF-8"?>
<!-- Generated by org.testng.reporters.JUnitReportReporter -->
<testsuite hostname="DESKTOP-OG1O4LU" failures="0" tests="1" name="com.Excel.Excel_Practice" time="1.148" errors="0" timestamp="2022-10-15T16:24:14 PKT" skipped="0">
  <testcase classname="com.Excel.Excel_Practice" name="ReadData" time="1.148"/>
  <system-out/>
</testsuite> <!-- com.Excel.Excel_Practice -->
