<?xml version="1.0" encoding="UTF-8"?>
<!-- Generated by org.testng.reporters.JUnitReportReporter -->
<testsuite hostname="DESKTOP-OG1O4LU" failures="0" tests="7" name="com.testcases.DarticanAutomation.Email_Template" time="343.687" errors="0" timestamp="2022-12-08T10:38:51 PKT" skipped="0">
  <testcase classname="com.testcases.DarticanAutomation.Email_Template" name="login" time="27.202"/>
  <system-out/>
  <testcase classname="com.testcases.DarticanAutomation.Email_Template" name="mouseover" time="11.889"/>
  <system-out/>
  <testcase classname="com.testcases.DarticanAutomation.Email_Template" name="ValidationErrorEmailT" time="1.687"/>
  <system-out/>
  <testcase classname="com.testcases.DarticanAutomation.Email_Template" name="Emailtemplate" time="25.789"/>
  <system-out/>
  <testcase classname="com.testcases.DarticanAutomation.Email_Template" name="EmailtemplateEdit" time="33.572"/>
  <system-out/>
  <testcase classname="com.testcases.DarticanAutomation.Email_Template" name="EmailtemplateCopy" time="162.251"/>
  <system-out/>
  <testcase classname="com.testcases.DarticanAutomation.Email_Template" name="Emailtemplatedel" time="81.297"/>
  <system-out/>
</testsuite> <!-- com.testcases.DarticanAutomation.Email_Template -->
