<?xml version="1.0" encoding="UTF-8"?>
<!-- Generated by org.testng.reporters.JUnitReportReporter -->
<testsuite hostname="DESKTOP-OG1O4LU" failures="0" tests="3" name="com.testcases.DarticanAutomation.Bonus_user_fields" time="227.566" errors="0" timestamp="2022-11-15T13:32:05 PKT" skipped="0">
  <testcase classname="com.testcases.DarticanAutomation.Bonus_user_fields" name="login" time="39.048"/>
  <system-out/>
  <testcase classname="com.testcases.DarticanAutomation.Bonus_user_fields" name="mouseover" time="6.903"/>
  <system-out/>
  <testcase classname="com.testcases.DarticanAutomation.Bonus_user_fields" name="Templates" time="181.615"/>
  <system-out/>
</testsuite> <!-- com.testcases.DarticanAutomation.Bonus_user_fields -->
