<?xml version="1.0" encoding="UTF-8"?>
<!-- Generated by org.testng.reporters.JUnitReportReporter -->
<testsuite hostname="DESKTOP-OG1O4LU" failures="0" tests="13" name="com.testcases.DarticanAutomation.Budget_Pools" time="446.816" errors="0" timestamp="2022-11-23T15:05:55 PKT" skipped="0">
  <testcase classname="com.testcases.DarticanAutomation.Budget_Pools" name="login" time="28.443"/>
  <system-out/>
  <testcase classname="com.testcases.DarticanAutomation.Budget_Pools" name="mouseover" time="19.255"/>
  <system-out/>
  <testcase classname="com.testcases.DarticanAutomation.Budget_Pools" name="ValidationErrorBP" time="20.751"/>
  <system-out/>
  <testcase classname="com.testcases.DarticanAutomation.Budget_Pools" name="AddBudgetPools" time="1.636"/>
  <system-out/>
  <testcase classname="com.testcases.DarticanAutomation.Budget_Pools" name="EditBudgetPools" time="5.924"/>
  <system-out/>
  <testcase classname="com.testcases.DarticanAutomation.Budget_Pools" name="CopyBudgetPools" time="30.730"/>
  <system-out/>
  <testcase classname="com.testcases.DarticanAutomation.Budget_Pools" name="DeleteBP" time="36.932"/>
  <system-out/>
  <testcase classname="com.testcases.DarticanAutomation.Budget_Pools" name="ValidationErrorBPD" time="5.928"/>
  <system-out/>
  <testcase classname="com.testcases.DarticanAutomation.Budget_Pools" name="AddBudgetPoolDivisions" time="11.348"/>
  <system-out/>
  <testcase classname="com.testcases.DarticanAutomation.Budget_Pools" name="EditBudgetPoolDivisions" time="89.108"/>
  <system-out/>
  <testcase classname="com.testcases.DarticanAutomation.Budget_Pools" name="CopyBudgetPoolDivisions" time="126.273"/>
  <system-out/>
  <testcase classname="com.testcases.DarticanAutomation.Budget_Pools" name="DeleteBPD" time="66.072"/>
  <system-out/>
  <testcase classname="com.testcases.DarticanAutomation.Budget_Pools" name="ViewOptions" time="4.416"/>
  <system-out/>
</testsuite> <!-- com.testcases.DarticanAutomation.Budget_Pools -->
