<?xml version="1.0" encoding="UTF-8"?>
<!-- Generated by org.testng.reporters.JUnitReportReporter -->
<testsuite hostname="DESKTOP-OG1O4LU" failures="0" tests="9" name="com.testcases.DarticanAutomation.MarketData" time="312.377" errors="0" timestamp="2023-01-11T15:16:24 PKT" skipped="0">
  <testcase classname="com.testcases.DarticanAutomation.MarketData" name="login" time="95.905"/>
  <system-out/>
  <testcase classname="com.testcases.DarticanAutomation.MarketData" name="mouseover" time="8.361"/>
  <system-out/>
  <testcase classname="com.testcases.DarticanAutomation.MarketData" name="ValidationErrors" time="22.522"/>
  <system-out/>
  <testcase classname="com.testcases.DarticanAutomation.MarketData" name="AddMarketdata" time="5.368"/>
  <system-out/>
  <testcase classname="com.testcases.DarticanAutomation.MarketData" name="EditMarketdata" time="8.972"/>
  <system-out/>
  <testcase classname="com.testcases.DarticanAutomation.MarketData" name="AddMarketdataadmin" time="8.087"/>
  <system-out/>
  <testcase classname="com.testcases.DarticanAutomation.MarketData" name="EditMarketdataadmin" time="82.388"/>
  <system-out/>
  <testcase classname="com.testcases.DarticanAutomation.MarketData" name="DeleteMarketdataadmin" time="40.612"/>
  <system-out/>
  <testcase classname="com.testcases.DarticanAutomation.MarketData" name="DeleteMarketdata" time="40.162"/>
  <system-out/>
</testsuite> <!-- com.testcases.DarticanAutomation.MarketData -->
