<?xml version="1.0" encoding="UTF-8"?>
<!-- Generated by org.testng.reporters.JUnitReportReporter -->
<testsuite hostname="DESKTOP-OG1O4LU" failures="0" tests="1" name="com.testcases.DarticanAutomation.LoginTestCases.Wrong_Username" time="12.901" errors="0" timestamp="2022-11-18T16:55:56 PKT" skipped="0">
  <testcase classname="com.testcases.DarticanAutomation.LoginTestCases.Wrong_Username" name="login" time="12.901"/>
  <system-out/>
</testsuite> <!-- com.testcases.DarticanAutomation.LoginTestCases.Wrong_Username -->
