<?xml version="1.0" encoding="UTF-8"?>
<!-- Generated by org.testng.reporters.JUnitReportReporter -->
<testsuite hostname="DESKTOP-OG1O4LU" failures="0" tests="1" name="com.testcases.DarticanAutomation.LoginTestCases.InValid_Login_Attempt" time="11.399" errors="0" timestamp="2022-11-18T16:15:24 PKT" skipped="0">
  <testcase classname="com.testcases.DarticanAutomation.LoginTestCases.InValid_Login_Attempt" name="login" time="11.399"/>
  <system-out/>
</testsuite> <!-- com.testcases.DarticanAutomation.LoginTestCases.InValid_Login_Attempt -->
