<?xml version="1.0" encoding="UTF-8"?>
<!-- Generated by org.testng.reporters.JUnitReportReporter -->
<testsuite hostname="DESKTOP-OG1O4LU" failures="0" tests="1" name="com.reporting.AdvanceReporting" time="0.070" errors="0" timestamp="2022-10-01T15:58:03 PKT" skipped="0">
  <testcase classname="com.reporting.AdvanceReporting" name="invalidlogin" time="0.070"/>
  <system-out/>
</testsuite> <!-- com.reporting.AdvanceReporting -->
