<?xml version="1.0" encoding="UTF-8"?>
<!-- Generated by org.testng.reporters.JUnitReportReporter -->
<testsuite hostname="DESKTOP-OG1O4LU" failures="0" tests="7" name="com.testcases.DarticanAutomation.DocumentsNLinks" time="385.975" errors="0" timestamp="2022-12-12T19:28:34 PKT" skipped="0">
  <testcase classname="com.testcases.DarticanAutomation.DocumentsNLinks" name="login" time="89.693"/>
  <system-out/>
  <testcase classname="com.testcases.DarticanAutomation.DocumentsNLinks" name="mouseover" time="30.132"/>
  <system-out/>
  <testcase classname="com.testcases.DarticanAutomation.DocumentsNLinks" name="DocumentsValidation" time="6.092"/>
  <system-out/>
  <testcase classname="com.testcases.DarticanAutomation.DocumentsNLinks" name="AddDocs" time="17.207"/>
  <system-out/>
  <testcase classname="com.testcases.DarticanAutomation.DocumentsNLinks" name="Editdocs" time="111.224"/>
  <system-out/>
  <testcase classname="com.testcases.DarticanAutomation.DocumentsNLinks" name="CopyDocs" time="84.174"/>
  <system-out/>
  <testcase classname="com.testcases.DarticanAutomation.DocumentsNLinks" name="Deletedocs" time="47.453"/>
  <system-out/>
</testsuite> <!-- com.testcases.DarticanAutomation.DocumentsNLinks -->
