<?xml version="1.0" encoding="UTF-8"?>
<!-- Generated by org.testng.reporters.JUnitReportReporter -->
<testsuite hostname="DESKTOP-OG1O4LU" failures="0" tests="1" name="com.testcases.DarticanAutomation.LoginTestCases.Valid_Login_Attempt" time="53.489" errors="0" timestamp="2022-11-18T15:32:18 PKT" skipped="0">
  <testcase classname="com.testcases.DarticanAutomation.LoginTestCases.Valid_Login_Attempt" name="login" time="53.489"/>
  <system-out/>
</testsuite> <!-- com.testcases.DarticanAutomation.LoginTestCases.Valid_Login_Attempt -->
