<?xml version="1.0" encoding="UTF-8"?>
<!-- Generated by org.testng.reporters.JUnitReportReporter -->
<testsuite hostname="DESKTOP-OG1O4LU" failures="0" tests="1" name="com.testcases.DarticanAutomation.LoginTestCases.Both_Fields_Wrong" time="11.953" errors="0" timestamp="2022-11-18T16:10:21 PKT" skipped="0">
  <testcase classname="com.testcases.DarticanAutomation.LoginTestCases.Both_Fields_Wrong" name="login" time="11.953"/>
  <system-out/>
</testsuite> <!-- com.testcases.DarticanAutomation.LoginTestCases.Both_Fields_Wrong -->
