<?xml version="1.0" encoding="UTF-8"?>
<!-- Generated by org.testng.reporters.JUnitReportReporter -->
<testsuite hostname="DESKTOP-OG1O4LU" failures="0" tests="4" name="com.testcases.DarticanAutomation.Adjustment_Planning" time="472.402" errors="0" timestamp="2022-12-15T17:48:59 PKT" skipped="0">
  <testcase classname="com.testcases.DarticanAutomation.Adjustment_Planning" name="login" time="69.257"/>
  <system-out/>
  <testcase classname="com.testcases.DarticanAutomation.Adjustment_Planning" name="mouseover" time="16.757"/>
  <system-out/>
  <testcase classname="com.testcases.DarticanAutomation.Adjustment_Planning" name="AddCycle" time="23.269"/>
  <system-out/>
  <testcase classname="com.testcases.DarticanAutomation.Adjustment_Planning" name="Templates" time="363.119"/>
  <system-out/>
</testsuite> <!-- com.testcases.DarticanAutomation.Adjustment_Planning -->
