<?xml version="1.0" encoding="UTF-8"?>
<!-- Generated by org.testng.reporters.JUnitReportReporter -->
<testsuite hostname="DESKTOP-OG1O4LU" failures="0" tests="2" name="com.testcases.DarticanAutomation.Import_Template" time="151.221" errors="0" timestamp="2022-09-10T14:29:39 PKT" skipped="0">
  <testcase classname="com.testcases.DarticanAutomation.Import_Template" name="login" time="109.621"/>
  <system-out/>
  <testcase classname="com.testcases.DarticanAutomation.Import_Template" name="SelectTemplate" time="41.600"/>
  <system-out/>
</testsuite> <!-- com.testcases.DarticanAutomation.Import_Template -->
