<?xml version="1.0" encoding="UTF-8"?>
<!-- Generated by org.testng.reporters.JUnitReportReporter -->
<testsuite hostname="DESKTOP-OG1O4LU" failures="0" tests="7" name="com.testcases.DarticanAutomation.LTI_Planning" time="257.342" errors="0" timestamp="2022-10-04T16:45:49 PKT" skipped="0">
  <testcase classname="com.testcases.DarticanAutomation.LTI_Planning" name="login" time="34.048"/>
  <system-out/>
  <testcase classname="com.testcases.DarticanAutomation.LTI_Planning" name="mouseover" time="37.812"/>
  <system-out/>
  <testcase classname="com.testcases.DarticanAutomation.LTI_Planning" name="AddCycle" time="4.692"/>
  <system-out/>
  <testcase classname="com.testcases.DarticanAutomation.LTI_Planning" name="Incentives" time="24.229"/>
  <system-out/>
  <testcase classname="com.testcases.DarticanAutomation.LTI_Planning" name="Templates" time="68.047"/>
  <system-out/>
  <testcase classname="com.testcases.DarticanAutomation.LTI_Planning" name="Importbonustemplate" time="72.328"/>
  <system-out/>
  <testcase classname="com.testcases.DarticanAutomation.LTI_Planning" name="ltitemplate" time="16.186"/>
  <system-out/>
</testsuite> <!-- com.testcases.DarticanAutomation.LTI_Planning -->
