<?xml version="1.0" encoding="UTF-8"?>
<!-- Generated by org.testng.reporters.JUnitReportReporter -->
<testsuite hostname="DESKTOP-OG1O4LU" failures="0" tests="3" name="com.testcases.DarticanAutomation.Settings" time="81.751" errors="0" timestamp="2023-01-09T18:13:12 PKT" skipped="0">
  <testcase classname="com.testcases.DarticanAutomation.Settings" name="login" time="58.828"/>
  <system-out/>
  <testcase classname="com.testcases.DarticanAutomation.Settings" name="mouseover" time="5.823"/>
  <system-out/>
  <testcase classname="com.testcases.DarticanAutomation.Settings" name="SetSettings" time="17.100"/>
  <system-out/>
</testsuite> <!-- com.testcases.DarticanAutomation.Settings -->
