<?xml version="1.0" encoding="UTF-8"?>
<!-- Generated by org.testng.reporters.JUnitReportReporter -->
<testsuite hostname="DESKTOP-OG1O4LU" failures="0" tests="3" name="com.testcases.DarticanAutomation.TestSpace" time="30.281" errors="0" timestamp="2022-11-25T12:09:42 PKT" skipped="0">
  <testcase classname="com.testcases.DarticanAutomation.TestSpace" name="login" time="7.702"/>
  <system-out/>
  <testcase classname="com.testcases.DarticanAutomation.TestSpace" name="mouseover" time="6.982"/>
  <system-out/>
  <testcase classname="com.testcases.DarticanAutomation.TestSpace" name="datepicker" time="15.597"/>
  <system-out/>
</testsuite> <!-- com.testcases.DarticanAutomation.TestSpace -->
