<?xml version="1.0" encoding="UTF-8"?>
<!-- Generated by org.testng.reporters.JUnitReportReporter -->
<testsuite hostname="DESKTOP-OG1O4LU" failures="0" tests="3" name="com.testcases.DarticanAutomation.Employee_Information" time="270.569" errors="0" timestamp="2022-09-23T22:06:54 PKT" skipped="0">
  <testcase classname="com.testcases.DarticanAutomation.Employee_Information" name="login" time="31.526"/>
  <system-out/>
  <testcase classname="com.testcases.DarticanAutomation.Employee_Information" name="mouseover" time="44.766"/>
  <system-out/>
  <testcase classname="com.testcases.DarticanAutomation.Employee_Information" name="AddCycle" time="194.277"/>
  <system-out/>
</testsuite> <!-- com.testcases.DarticanAutomation.Employee_Information -->
