<?xml version="1.0" encoding="UTF-8"?>
<!-- Generated by org.testng.reporters.JUnitReportReporter -->
<testsuite hostname="DESKTOP-OG1O4LU" failures="0" tests="3" name="com.testcases.DarticanAutomation.User_fields" time="1075.785" errors="0" timestamp="2022-11-15T11:10:46 PKT" skipped="0">
  <testcase classname="com.testcases.DarticanAutomation.User_fields" name="login" time="22.575"/>
  <system-out/>
  <testcase classname="com.testcases.DarticanAutomation.User_fields" name="mouseover" time="12.745"/>
  <system-out/>
  <testcase classname="com.testcases.DarticanAutomation.User_fields" name="Templates" time="1040.465"/>
  <system-out/>
</testsuite> <!-- com.testcases.DarticanAutomation.User_fields -->
